<?xml version="1.0" encoding="UTF-8"?>
<!-- Generated by org.testng.reporters.JUnitReportReporter -->
<testsuite hostname="BLLCHETHANV" failures="0" tests="90" name="com.getapcs.testcases.SecondaryMaster" time="311.728" errors="0" timestamp="2023-12-08T14:54:54 IST" skipped="0">
  <testcase classname="com.getapcs.testcases.SecondaryMaster" name="verifyAdditinalChargesCreate" time="6.509"/>
  <testcase classname="com.getapcs.testcases.SecondaryMaster" name="verifyAdditinalChargesEdit" time="5.660"/>
  <testcase classname="com.getapcs.testcases.SecondaryMaster" name="verifyAuditFrequencyCreate" time="5.333"/>
  <testcase classname="com.getapcs.testcases.SecondaryMaster" name="verifyAuditFrequencyEdit" time="6.107"/>
  <testcase classname="com.getapcs.testcases.SecondaryMaster" name="verifyBankNameCreate" time="3.353"/>
  <testcase classname="com.getapcs.testcases.SecondaryMaster" name="verifyBankNameEdit" time="3.498"/>
  <testcase classname="com.getapcs.testcases.SecondaryMaster" name="verifyBasisOfApprovalCreate" time="3.881"/>
  <testcase classname="com.getapcs.testcases.SecondaryMaster" name="verifyBasisOfApprovalEdit" time="2.960"/>
  <testcase classname="com.getapcs.testcases.SecondaryMaster" name="verifycategoryCreate" time="3.074"/>
  <testcase classname="com.getapcs.testcases.SecondaryMaster" name="verifycategoryEdit" time="3.324"/>
  <testcase classname="com.getapcs.testcases.SecondaryMaster" name="verifycommodityCreate" time="3.401"/>
  <testcase classname="com.getapcs.testcases.SecondaryMaster" name="verifycommodityEdit" time="3.108"/>
  <testcase classname="com.getapcs.testcases.SecondaryMaster" name="verifyCompanyCategoryCreate" time="3.430"/>
  <testcase classname="com.getapcs.testcases.SecondaryMaster" name="verifycostCenter" time="3.554"/>
  <testcase classname="com.getapcs.testcases.SecondaryMaster" name="verifycostCenterEdit" time="3.191"/>
  <testcase classname="com.getapcs.testcases.SecondaryMaster" name="verifyCostingMethod" time="3.379"/>
  <testcase classname="com.getapcs.testcases.SecondaryMaster" name="verifyCostingMethodEdit" time="3.161"/>
  <testcase classname="com.getapcs.testcases.SecondaryMaster" name="verifyCustomerCategoryCreate" time="5.374"/>
  <testcase classname="com.getapcs.testcases.SecondaryMaster" name="verifyCustomerCategoryEdit" time="5.163"/>
  <testcase classname="com.getapcs.testcases.SecondaryMaster" name="verifyCustomerTypeCreate" time="3.496"/>
  <testcase classname="com.getapcs.testcases.SecondaryMaster" name="verifyCustomerTypeEdit" time="3.365"/>
  <testcase classname="com.getapcs.testcases.SecondaryMaster" name="verifyDeliveryTermsCreate" time="3.747"/>
  <testcase classname="com.getapcs.testcases.SecondaryMaster" name="verifyDeliveryTermsEdit" time="3.256"/>
  <testcase classname="com.getapcs.testcases.SecondaryMaster" name="verifyDepartmentCreate" time="3.346"/>
  <testcase classname="com.getapcs.testcases.SecondaryMaster" name="verifyDepartmentEdit" time="3.049"/>
  <testcase classname="com.getapcs.testcases.SecondaryMaster" name="verifyExportUnitTypeCreate" time="3.354"/>
  <testcase classname="com.getapcs.testcases.SecondaryMaster" name="verifyExportUnitTypeEdit" time="3.095"/>
  <testcase classname="com.getapcs.testcases.SecondaryMaster" name="verifyGSTPercentageCreate" time="2.957"/>
  <testcase classname="com.getapcs.testcases.SecondaryMaster" name="verifyGSTPercentageEdit" time="2.729"/>
  <testcase classname="com.getapcs.testcases.SecondaryMaster" name="verifyIncoTermsCreate" time="3.330"/>
  <testcase classname="com.getapcs.testcases.SecondaryMaster" name="verifyIncoTermsEdit" time="3.412"/>
  <testcase classname="com.getapcs.testcases.SecondaryMaster" name="verifyIssuingStockCreate" time="3.379"/>
  <testcase classname="com.getapcs.testcases.SecondaryMaster" name="verifyIssuingStockEdit" time="3.144"/>
  <testcase classname="com.getapcs.testcases.SecondaryMaster" name="verifyLanguageCreate" time="3.320"/>
  <testcase classname="com.getapcs.testcases.SecondaryMaster" name="verifyLanguageEdit" time="3.139"/>
  <testcase classname="com.getapcs.testcases.SecondaryMaster" name="verifyLeadTimesCreate" time="3.702"/>
  <testcase classname="com.getapcs.testcases.SecondaryMaster" name="verifyLeadTimesEdit" time="3.065"/>
  <testcase classname="com.getapcs.testcases.SecondaryMaster" name="verifyLovcationCreate" time="3.541"/>
  <testcase classname="com.getapcs.testcases.SecondaryMaster" name="verifyLovcationEdit" time="3.082"/>
  <testcase classname="com.getapcs.testcases.SecondaryMaster" name="verifyMaterialTypeCreate" time="3.341"/>
  <testcase classname="com.getapcs.testcases.SecondaryMaster" name="verifyMaterialTypeEdit" time="3.127"/>
  <testcase classname="com.getapcs.testcases.SecondaryMaster" name="verifyNatureOfRelationshipCreate" time="3.342"/>
  <testcase classname="com.getapcs.testcases.SecondaryMaster" name="verifyNatureOfRelationshipEdit" time="3.097"/>
  <testcase classname="com.getapcs.testcases.SecondaryMaster" name="verifyOrderTypeMasterCreate" time="3.519"/>
  <testcase classname="com.getapcs.testcases.SecondaryMaster" name="verifyOrderTypeMasterEdit" time="3.995"/>
  <testcase classname="com.getapcs.testcases.SecondaryMaster" name="verifyPackingInstructionsCreate" time="3.107"/>
  <testcase classname="com.getapcs.testcases.SecondaryMaster" name="verifyPackingInstructionsEdit" time="4.266"/>
  <testcase classname="com.getapcs.testcases.SecondaryMaster" name="verifyPartTypeCreate" time="3.447"/>
  <testcase classname="com.getapcs.testcases.SecondaryMaster" name="verifyPayment_TermCreate" time="3.309"/>
  <testcase classname="com.getapcs.testcases.SecondaryMaster" name="verifyPayment_TermEdit" time="3.205"/>
  <testcase classname="com.getapcs.testcases.SecondaryMaster" name="verifyPreferred_Freight_ForwarderCreate" time="3.364"/>
  <testcase classname="com.getapcs.testcases.SecondaryMaster" name="verifyPreferred_Freight_ForwarderEdit" time="3.028"/>
  <testcase classname="com.getapcs.testcases.SecondaryMaster" name="verifyPrice_ListCreate" time="3.309"/>
  <testcase classname="com.getapcs.testcases.SecondaryMaster" name="verifyPrice_ListEdit" time="3.064"/>
  <testcase classname="com.getapcs.testcases.SecondaryMaster" name="verifyProcessCreate" time="3.312"/>
  <testcase classname="com.getapcs.testcases.SecondaryMaster" name="verifyProcessEdit" time="3.189"/>
  <testcase classname="com.getapcs.testcases.SecondaryMaster" name="verifyProcurement_TypeCreate" time="5.280"/>
  <testcase classname="com.getapcs.testcases.SecondaryMaster" name="verifyProcurement_TypeEdit" time="5.089"/>
  <testcase classname="com.getapcs.testcases.SecondaryMaster" name="verifyPurchase_GroupCreate" time="3.362"/>
  <testcase classname="com.getapcs.testcases.SecondaryMaster" name="verifyPurchase_GroupEdit" time="3.156"/>
  <testcase classname="com.getapcs.testcases.SecondaryMaster" name="verifyQuoteTermsCreate" time="2.993"/>
  <testcase classname="com.getapcs.testcases.SecondaryMaster" name="verifyQuoteTermsEdit" time="2.673"/>
  <testcase classname="com.getapcs.testcases.SecondaryMaster" name="verifyRiskCategoryCreate" time="2.971"/>
  <testcase classname="com.getapcs.testcases.SecondaryMaster" name="verifyRiskCategoryEdit" time="2.715"/>
  <testcase classname="com.getapcs.testcases.SecondaryMaster" name="verifySalutationsCreate" time="3.339"/>
  <testcase classname="com.getapcs.testcases.SecondaryMaster" name="verifySalutationsEdit" time="3.050"/>
  <testcase classname="com.getapcs.testcases.SecondaryMaster" name="verifyScopeOfSupplyCreate" time="3.322"/>
  <testcase classname="com.getapcs.testcases.SecondaryMaster" name="verifyScopeOfSupplyEdit" time="3.049"/>
  <testcase classname="com.getapcs.testcases.SecondaryMaster" name="verifySegmentCreate" time="3.267"/>
  <testcase classname="com.getapcs.testcases.SecondaryMaster" name="verifySegmentEdit" time="3.086"/>
  <testcase classname="com.getapcs.testcases.SecondaryMaster" name="verifyShipmentInstructionsCreate" time="3.344"/>
  <testcase classname="com.getapcs.testcases.SecondaryMaster" name="verifyShipmentModeCreate" time="3.413"/>
  <testcase classname="com.getapcs.testcases.SecondaryMaster" name="verifyShipmentInstructionsEdit" time="3.049"/>
  <testcase classname="com.getapcs.testcases.SecondaryMaster" name="verifyShipmentModeEdit" time="3.167"/>
  <testcase classname="com.getapcs.testcases.SecondaryMaster" name="verifyTypeOfCompanyCreate" time="3.478"/>
  <testcase classname="com.getapcs.testcases.SecondaryMaster" name="verifyTypeOfCompanyEdit" time="3.129"/>
  <testcase classname="com.getapcs.testcases.SecondaryMaster" name="verifyTypeOfSolutionCreate" time="3.427"/>
  <testcase classname="com.getapcs.testcases.SecondaryMaster" name="verifyTypeOfSolutionEdit" time="3.064"/>
  <testcase classname="com.getapcs.testcases.SecondaryMaster" name="verifyUOCCreate" time="2.741"/>
  <testcase classname="com.getapcs.testcases.SecondaryMaster" name="verifyUOCEdit" time="3.747"/>
  <testcase classname="com.getapcs.testcases.SecondaryMaster" name="verifyUOMCreate" time="3.359"/>
  <testcase classname="com.getapcs.testcases.SecondaryMaster" name="verifyUOMEdit" time="3.060"/>
  <testcase classname="com.getapcs.testcases.SecondaryMaster" name="verifyVenderCategoryCreate" time="3.348"/>
  <testcase classname="com.getapcs.testcases.SecondaryMaster" name="verifyVenderCategoryEdit" time="3.263"/>
  <testcase classname="com.getapcs.testcases.SecondaryMaster" name="verifyVenderTypeCreate" time="3.358"/>
  <testcase classname="com.getapcs.testcases.SecondaryMaster" name="verifyVenderTypeEdit" time="3.098"/>
  <testcase classname="com.getapcs.testcases.SecondaryMaster" name="verifyWareHouseCreate" time="2.973"/>
  <testcase classname="com.getapcs.testcases.SecondaryMaster" name="verifyWareHouseEdit" time="2.698"/>
  <testcase classname="com.getapcs.testcases.SecondaryMaster" name="verifyNumberOFRoomEdit" time="3.299"/>
  <testcase classname="com.getapcs.testcases.SecondaryMaster" name="verifyNumberOFRoomCreate" time="3.372"/>
</testsuite> <!-- com.getapcs.testcases.SecondaryMaster -->
