<?xml version="1.0" encoding="UTF-8"?>
<!-- Generated by org.testng.reporters.JUnitReportReporter -->
<testsuite hostname="DESKTOP-K93APDC" failures="0" tests="1" name="com.Getapcs.Avision.TEST.TEST_Create" time="16.208" errors="0" timestamp="2024-01-02T11:33:01 IST" skipped="0">
  <testcase classname="com.Getapcs.Avision.TEST.TEST_Create" name="verifySalesSourcing" time="16.208"/>
</testsuite> <!-- com.Getapcs.Avision.TEST.TEST_Create -->
