<?xml version="1.0" encoding="UTF-8"?>
<!-- Generated by org.testng.reporters.JUnitReportReporter -->
<testsuite hostname="BLLGOPALREDDY" failures="0" tests="100" name="com.Getapcs.Avision.TEST.SA_FG_Create_Edit" time="3560.797" errors="0" timestamp="2024-02-29T18:23:45 IST" skipped="0">
  <testcase classname="com.Getapcs.Avision.TEST.SA_FG_Create_Edit" name="verifyItemMasterCreateforFG" time="45.021"/>
  <testcase classname="com.Getapcs.Avision.TEST.SA_FG_Create_Edit" name="verifyItemMasterCreateforSA1" time="44.378"/>
  <testcase classname="com.Getapcs.Avision.TEST.SA_FG_Create_Edit" name="verifyItemMasterCreateforSA2" time="44.488"/>
  <testcase classname="com.Getapcs.Avision.TEST.SA_FG_Create_Edit" name="verifyItemMasterCreateforPP1" time="56.233"/>
  <testcase classname="com.Getapcs.Avision.TEST.SA_FG_Create_Edit" name="verifyItemMasterCreateforPP2" time="56.443"/>
  <testcase classname="com.Getapcs.Avision.TEST.SA_FG_Create_Edit" name="verifyItemMasterCreateforPP3" time="57.142"/>
  <testcase classname="com.Getapcs.Avision.TEST.SA_FG_Create_Edit" name="verifyItemMasterCreateforPP4" time="56.903"/>
  <testcase classname="com.Getapcs.Avision.TEST.SA_FG_Create_Edit" name="verifyItemMasterCreateforPP5" time="57.659"/>
  <testcase classname="com.Getapcs.Avision.TEST.SA_FG_Create_Edit" name="verifyItemMasterCreateforPP6" time="56.864"/>
  <testcase classname="com.Getapcs.Avision.TEST.SA_FG_Create_Edit" name="verifyBomCreateforSA2" time="67.067"/>
  <testcase classname="com.Getapcs.Avision.TEST.SA_FG_Create_Edit" name="verifyBomCreateforSA1" time="77.751"/>
  <testcase classname="com.Getapcs.Avision.TEST.SA_FG_Create_Edit" name="verifyBomCreateforFG" time="80.198"/>
  <testcase classname="com.Getapcs.Avision.TEST.SA_FG_Create_Edit" name="verifyReleaseBomSA2" time="65.884"/>
  <testcase classname="com.Getapcs.Avision.TEST.SA_FG_Create_Edit" name="verifyReleaseBomSA1" time="66.790"/>
  <testcase classname="com.Getapcs.Avision.TEST.SA_FG_Create_Edit" name="verifyReleaseBomFG" time="67.158"/>
  <testcase classname="com.Getapcs.Avision.TEST.SA_FG_Create_Edit" name="verifySalesItemPriceListCreate" time="36.438"/>
  <testcase classname="com.Getapcs.Avision.TEST.SA_FG_Create_Edit" name="verifySalesRFQCreate" time="30.152"/>
  <testcase classname="com.Getapcs.Avision.TEST.SA_FG_Create_Edit" name="verifySalesRFQEdit" time="22.664"/>
  <testcase classname="com.Getapcs.Avision.TEST.SA_FG_Create_Edit" name="verifySalesRFQCSCreate" time="21.907"/>
  <testcase classname="com.Getapcs.Avision.TEST.SA_FG_Create_Edit" name="verifySalesCSEdit" time="10.459"/>
  <testcase classname="com.Getapcs.Avision.TEST.SA_FG_Create_Edit" name="verifySalesCSRelease" time="11.693"/>
  <testcase classname="com.Getapcs.Avision.TEST.SA_FG_Create_Edit" name="verifySalesRFQENGGCreate" time="33.760"/>
  <testcase classname="com.Getapcs.Avision.TEST.SA_FG_Create_Edit" name="verifySalesRFQENGGEdit" time="9.576"/>
  <testcase classname="com.Getapcs.Avision.TEST.SA_FG_Create_Edit" name="verifySalesRFQENGGRelease" time="8.056"/>
  <testcase classname="com.Getapcs.Avision.TEST.SA_FG_Create_Edit" name="verifySalesSourcing" time="29.744"/>
  <testcase classname="com.Getapcs.Avision.TEST.SA_FG_Create_Edit" name="verifySalesLpCreate" time="11.871"/>
  <testcase classname="com.Getapcs.Avision.TEST.SA_FG_Create_Edit" name="verifySalesLpCostingRelease" time="17.377"/>
  <testcase classname="com.Getapcs.Avision.TEST.SA_FG_Create_Edit" name="verifyQuoteCreate" time="21.010"/>
  <testcase classname="com.Getapcs.Avision.TEST.SA_FG_Create_Edit" name="verifyQuoteEdit" time="15.281"/>
  <testcase classname="com.Getapcs.Avision.TEST.SA_FG_Create_Edit" name="verifySalesOrderCreate" time="33.987"/>
  <testcase classname="com.Getapcs.Avision.TEST.SA_FG_Create_Edit" name="verifySalesOrderEdit" time="7.569"/>
  <testcase classname="com.Getapcs.Avision.TEST.SA_FG_Create_Edit" name="verifyShopOrderCreateSA2" time="52.819"/>
  <testcase classname="com.Getapcs.Avision.TEST.SA_FG_Create_Edit" name="verifyShopOrderCreateSA1" time="57.718"/>
  <testcase classname="com.Getapcs.Avision.TEST.SA_FG_Create_Edit" name="verifyShopOrderCreateFG" time="48.422"/>
  <testcase classname="com.Getapcs.Avision.TEST.SA_FG_Create_Edit" name="verifyMaterialIssue" time="32.018"/>
  <testcase classname="com.Getapcs.Avision.TEST.SA_FG_Create_Edit" name="verifyPRcreateSA2" time="65.707"/>
  <testcase classname="com.Getapcs.Avision.TEST.SA_FG_Create_Edit" name="verifyPREditSA2" time="9.642"/>
  <testcase classname="com.Getapcs.Avision.TEST.SA_FG_Create_Edit" name="verifyPRApprovals_1SA2" time="10.312"/>
  <testcase classname="com.Getapcs.Avision.TEST.SA_FG_Create_Edit" name="verifyPRApprovals_2SA2" time="11.082"/>
  <testcase classname="com.Getapcs.Avision.TEST.SA_FG_Create_Edit" name="verifyPRcreateSA1" time="62.841"/>
  <testcase classname="com.Getapcs.Avision.TEST.SA_FG_Create_Edit" name="verifyPREditSA1" time="9.781"/>
  <testcase classname="com.Getapcs.Avision.TEST.SA_FG_Create_Edit" name="verifyPRApprovals_1SA1" time="9.873"/>
  <testcase classname="com.Getapcs.Avision.TEST.SA_FG_Create_Edit" name="verifyPRApprovals_2SA1" time="11.060"/>
  <testcase classname="com.Getapcs.Avision.TEST.SA_FG_Create_Edit" name="verifyPRcreateFG" time="63.074"/>
  <testcase classname="com.Getapcs.Avision.TEST.SA_FG_Create_Edit" name="verifyPREditFG" time="9.844"/>
  <testcase classname="com.Getapcs.Avision.TEST.SA_FG_Create_Edit" name="verifyPRApprovals_1FG" time="10.103"/>
  <testcase classname="com.Getapcs.Avision.TEST.SA_FG_Create_Edit" name="verifyPRApprovals_2FG" time="11.191"/>
  <testcase classname="com.Getapcs.Avision.TEST.SA_FG_Create_Edit" name="verifyPOcreateSA2" time="79.623"/>
  <testcase classname="com.Getapcs.Avision.TEST.SA_FG_Create_Edit" name="verifyPOEditSA2" time="10.106"/>
  <testcase classname="com.Getapcs.Avision.TEST.SA_FG_Create_Edit" name="verifyPOApproval_1_SA2" time="13.466"/>
  <testcase classname="com.Getapcs.Avision.TEST.SA_FG_Create_Edit" name="verifyPOApproval_2_SA2" time="16.880"/>
  <testcase classname="com.Getapcs.Avision.TEST.SA_FG_Create_Edit" name="verifyPOcreateSA1" time="78.603"/>
  <testcase classname="com.Getapcs.Avision.TEST.SA_FG_Create_Edit" name="verifyPOEditSA1" time="10.158"/>
  <testcase classname="com.Getapcs.Avision.TEST.SA_FG_Create_Edit" name="verifyPOApproval_1_SA1" time="13.840"/>
  <testcase classname="com.Getapcs.Avision.TEST.SA_FG_Create_Edit" name="verifyPOApproval_2_SA1" time="17.135"/>
  <testcase classname="com.Getapcs.Avision.TEST.SA_FG_Create_Edit" name="verifyPOcreateFG" time="80.813"/>
  <testcase classname="com.Getapcs.Avision.TEST.SA_FG_Create_Edit" name="verifyPOEditFG" time="10.337"/>
  <testcase classname="com.Getapcs.Avision.TEST.SA_FG_Create_Edit" name="verifyPOApproval_1_FG" time="14.163"/>
  <testcase classname="com.Getapcs.Avision.TEST.SA_FG_Create_Edit" name="verifyPOApproval_2_FG" time="17.272"/>
  <testcase classname="com.Getapcs.Avision.TEST.SA_FG_Create_Edit" name="verifyInventryReportBeforeGrin" time="36.981"/>
  <testcase classname="com.Getapcs.Avision.TEST.SA_FG_Create_Edit" name="verifyGRINCreate" time="215.617"/>
  <testcase classname="com.Getapcs.Avision.TEST.SA_FG_Create_Edit" name="verifyInventryReportAfterGrin" time="38.068"/>
  <testcase classname="com.Getapcs.Avision.TEST.SA_FG_Create_Edit" name="verifyIQCCreate" time="39.090"/>
  <testcase classname="com.Getapcs.Avision.TEST.SA_FG_Create_Edit" name="verifyInventryReportAfterIQC" time="29.083"/>
  <testcase classname="com.Getapcs.Avision.TEST.SA_FG_Create_Edit" name="verifyBinningCreate" time="94.177"/>
  <testcase classname="com.Getapcs.Avision.TEST.SA_FG_Create_Edit" name="verifyInventryReportAfterBinnig" time="31.696"/>
  <testcase classname="com.Getapcs.Avision.TEST.SA_FG_Create_Edit" name="verifyMaterialIssueReleaseForSA2" time="11.760"/>
  <testcase classname="com.Getapcs.Avision.TEST.SA_FG_Create_Edit" name="verifyInventryAfterMaterialIssueReleaseForSA2" time="27.886"/>
  <testcase classname="com.Getapcs.Avision.TEST.SA_FG_Create_Edit" name="verifyShopOrderConfirmationForSA2" time="38.028"/>
  <testcase classname="com.Getapcs.Avision.TEST.SA_FG_Create_Edit" name="verifyInventryAfterShopOrderConfirmationForSA2" time="28.053"/>
  <testcase classname="com.Getapcs.Avision.TEST.SA_FG_Create_Edit" name="verifyOQC_ForSA2" time="34.027"/>
  <testcase classname="com.Getapcs.Avision.TEST.SA_FG_Create_Edit" name="verifyInventryAfterOQC_ForSA2" time="28.594"/>
  <testcase classname="com.Getapcs.Avision.TEST.SA_FG_Create_Edit" name="verifyOQCBinnig_ForSA2" time="30.349"/>
  <testcase classname="com.Getapcs.Avision.TEST.SA_FG_Create_Edit" name="verifyInventryAfterOQCBinning_ForSA2" time="29.229"/>
  <testcase classname="com.Getapcs.Avision.TEST.SA_FG_Create_Edit" name="verifyMaterialIssueReleaseForSA1" time="11.917"/>
  <testcase classname="com.Getapcs.Avision.TEST.SA_FG_Create_Edit" name="verifyInventryAfterMaterialIssueReleaseForSA1" time="28.858"/>
  <testcase classname="com.Getapcs.Avision.TEST.SA_FG_Create_Edit" name="verifyShopOrderConfirmationForSA1" time="38.994"/>
  <testcase classname="com.Getapcs.Avision.TEST.SA_FG_Create_Edit" name="verifyInventryAfterShopOrderConfirmationForSA1" time="28.924"/>
  <testcase classname="com.Getapcs.Avision.TEST.SA_FG_Create_Edit" name="verifyOQC_ForSA1" time="27.738"/>
  <testcase classname="com.Getapcs.Avision.TEST.SA_FG_Create_Edit" name="verifyInventryAfterOQCForSA1" time="29.424"/>
  <testcase classname="com.Getapcs.Avision.TEST.SA_FG_Create_Edit" name="verifyOQCBinnig_ForSA1" time="31.481"/>
  <testcase classname="com.Getapcs.Avision.TEST.SA_FG_Create_Edit" name="verifyInventryAfterOQCBinningForSA1" time="29.801"/>
  <testcase classname="com.Getapcs.Avision.TEST.SA_FG_Create_Edit" name="verifyMaterialIssueReleaseForFG" time="12.362"/>
  <testcase classname="com.Getapcs.Avision.TEST.SA_FG_Create_Edit" name="verifyInventryAfterMaterialIssueReleaseForFG" time="28.941"/>
  <testcase classname="com.Getapcs.Avision.TEST.SA_FG_Create_Edit" name="verifyShopOrderConfirmationForFG" time="31.500"/>
  <testcase classname="com.Getapcs.Avision.TEST.SA_FG_Create_Edit" name="verifyInventryAfterShopOrderConfirmationForFG" time="29.165"/>
  <testcase classname="com.Getapcs.Avision.TEST.SA_FG_Create_Edit" name="verifyOQC_ForFG" time="25.302"/>
  <testcase classname="com.Getapcs.Avision.TEST.SA_FG_Create_Edit" name="verifyInventryAfterOQCForFG" time="30.051"/>
  <testcase classname="com.Getapcs.Avision.TEST.SA_FG_Create_Edit" name="verifyOQCBinnig_ForFG" time="35.678"/>
  <testcase classname="com.Getapcs.Avision.TEST.SA_FG_Create_Edit" name="verifyInventryAfterOQCBinningForFG" time="30.157"/>
  <testcase classname="com.Getapcs.Avision.TEST.SA_FG_Create_Edit" name="verifyDOforFG" time="36.584"/>
  <testcase classname="com.Getapcs.Avision.TEST.SA_FG_Create_Edit" name="verifyInventryAfterDOForFG" time="33.837"/>
  <testcase classname="com.Getapcs.Avision.TEST.SA_FG_Create_Edit" name="verifyReturnDO" time="89.212"/>
  <testcase classname="com.Getapcs.Avision.TEST.SA_FG_Create_Edit" name="verifyInventryAfterReturnDOForFG" time="35.121"/>
  <testcase classname="com.Getapcs.Avision.TEST.SA_FG_Create_Edit" name="verifyAgainDOforFG" time="26.457"/>
  <testcase classname="com.Getapcs.Avision.TEST.SA_FG_Create_Edit" name="verifyInventryAfterAgainDOForFG" time="21.144"/>
  <testcase classname="com.Getapcs.Avision.TEST.SA_FG_Create_Edit" name="verifyInvoiceCreate" time="26.473"/>
  <testcase classname="com.Getapcs.Avision.TEST.SA_FG_Create_Edit" name="verifyInventryAfterInvoiceForFG" time="21.352"/>
  <testcase classname="com.Getapcs.Avision.TEST.SA_FG_Create_Edit" name="verifyReturnInvoice" time="27.766"/>
  <testcase classname="com.Getapcs.Avision.TEST.SA_FG_Create_Edit" name="verifyInventryAfterReturnInvoiceForFG" time="20.514"/>
</testsuite> <!-- com.Getapcs.Avision.TEST.SA_FG_Create_Edit -->
