<?xml version="1.0" encoding="UTF-8"?>
<!-- Generated by org.testng.reporters.JUnitReportReporter -->
<testsuite hostname="DESKTOP-K93APDC" failures="0" tests="1" name="com.Getapcs.Avision.TEST.TEST_Create" time="27.326" errors="0" timestamp="2024-01-03T12:19:10 IST" skipped="0">
  <testcase classname="com.Getapcs.Avision.TEST.TEST_Create" name="verifySalesSourcing" time="27.326"/>
</testsuite> <!-- com.Getapcs.Avision.TEST.TEST_Create -->
