<?xml version="1.0" encoding="UTF-8"?>
<!-- Generated by org.testng.reporters.JUnitReportReporter -->
<testsuite hostname="BLLCHETHANV" failures="0" tests="1" name="com.getapcs.testcases.TEST_Reports" time="41.056" errors="0" timestamp="2023-12-28T11:54:46 IST" skipped="0">
  <testcase classname="com.getapcs.testcases.TEST_Reports" name="verifyBinningReports" time="41.056"/>
</testsuite> <!-- com.getapcs.testcases.TEST_Reports -->
