<?xml version="1.0" encoding="UTF-8"?>
<!-- Generated by org.testng.reporters.JUnitReportReporter -->
<testsuite hostname="BLLCHETHANV" failures="0" tests="9" name="com.getapcs.testcases.TEST_Create" time="254.352" errors="0" timestamp="2023-12-21T17:25:59 IST" skipped="0">
  <testcase classname="com.getapcs.testcases.TEST_Create" name="verifyInventryReportBeforeOpenGrin" time="23.317"/>
  <testcase classname="com.getapcs.testcases.TEST_Create" name="verifyOpenGrinCreate" time="23.422"/>
  <testcase classname="com.getapcs.testcases.TEST_Create" name="verifyInventryReportAfterOpenGRIN" time="21.069"/>
  <testcase classname="com.getapcs.testcases.TEST_Create" name="verifyGRINCreate" time="49.488"/>
  <testcase classname="com.getapcs.testcases.TEST_Create" name="verifyInventryReportAfterGRIN" time="22.016"/>
  <testcase classname="com.getapcs.testcases.TEST_Create" name="verifyIQCCreate" time="25.897"/>
  <testcase classname="com.getapcs.testcases.TEST_Create" name="verifyInventryReportAfterIQC" time="21.119"/>
  <testcase classname="com.getapcs.testcases.TEST_Create" name="verifyBinningCreate" time="38.333"/>
  <testcase classname="com.getapcs.testcases.TEST_Create" name="verifyInventryReportAfterBinning" time="29.691"/>
</testsuite> <!-- com.getapcs.testcases.TEST_Create -->
