<?xml version="1.0" encoding="UTF-8"?>
<!-- Generated by org.testng.reporters.JUnitReportReporter -->
<testsuite hostname="BLLCHETHANV" failures="0" tests="28" name="com.Getapcs.Avision.TEST.SecondaryMaster" time="109.054" errors="0" timestamp="2024-01-02T14:21:28 IST" skipped="0">
  <testcase classname="com.Getapcs.Avision.TEST.SecondaryMaster" name="verifyPurchase_GroupCreate" time="4.906"/>
  <testcase classname="com.Getapcs.Avision.TEST.SecondaryMaster" name="verifyPurchase_GroupEdit" time="3.749"/>
  <testcase classname="com.Getapcs.Avision.TEST.SecondaryMaster" name="verifyQuoteTermsCreate" time="3.614"/>
  <testcase classname="com.Getapcs.Avision.TEST.SecondaryMaster" name="verifyQuoteTermsEdit" time="3.073"/>
  <testcase classname="com.Getapcs.Avision.TEST.SecondaryMaster" name="verifyRiskCategoryCreate" time="2.918"/>
  <testcase classname="com.Getapcs.Avision.TEST.SecondaryMaster" name="verifyRiskCategoryEdit" time="3.490"/>
  <testcase classname="com.Getapcs.Avision.TEST.SecondaryMaster" name="verifySalutationsCreate" time="3.710"/>
  <testcase classname="com.Getapcs.Avision.TEST.SecondaryMaster" name="verifySalutationsEdit" time="4.308"/>
  <testcase classname="com.Getapcs.Avision.TEST.SecondaryMaster" name="verifyScopeOfSupplyCreate" time="4.232"/>
  <testcase classname="com.Getapcs.Avision.TEST.SecondaryMaster" name="verifyScopeOfSupplyEdit" time="3.960"/>
  <testcase classname="com.Getapcs.Avision.TEST.SecondaryMaster" name="verifySegmentCreate" time="4.303"/>
  <testcase classname="com.Getapcs.Avision.TEST.SecondaryMaster" name="verifySegmentEdit" time="3.835"/>
  <testcase classname="com.Getapcs.Avision.TEST.SecondaryMaster" name="verifyShipmentInstructionsCreate" time="4.334"/>
  <testcase classname="com.Getapcs.Avision.TEST.SecondaryMaster" name="verifyShipmentInstructionsEdit" time="3.760"/>
  <testcase classname="com.Getapcs.Avision.TEST.SecondaryMaster" name="verifyShipmentModeCreate" time="4.047"/>
  <testcase classname="com.Getapcs.Avision.TEST.SecondaryMaster" name="verifyShipmentModeEdit" time="3.649"/>
  <testcase classname="com.Getapcs.Avision.TEST.SecondaryMaster" name="verifyTypeOfCompanyCreate" time="4.271"/>
  <testcase classname="com.Getapcs.Avision.TEST.SecondaryMaster" name="verifyTypeOfCompanyEdit" time="3.949"/>
  <testcase classname="com.Getapcs.Avision.TEST.SecondaryMaster" name="verifyUOCCreate" time="4.359"/>
  <testcase classname="com.Getapcs.Avision.TEST.SecondaryMaster" name="verifyUOCEdit" time="3.939"/>
  <testcase classname="com.Getapcs.Avision.TEST.SecondaryMaster" name="verifyUOMCreate" time="3.946"/>
  <testcase classname="com.Getapcs.Avision.TEST.SecondaryMaster" name="verifyUOMEdit" time="3.904"/>
  <testcase classname="com.Getapcs.Avision.TEST.SecondaryMaster" name="verifyVenderCategoryCreate" time="4.174"/>
  <testcase classname="com.Getapcs.Avision.TEST.SecondaryMaster" name="verifyVenderCategoryEdit" time="3.958"/>
  <testcase classname="com.Getapcs.Avision.TEST.SecondaryMaster" name="verifyVenderTypeCreate" time="4.124"/>
  <testcase classname="com.Getapcs.Avision.TEST.SecondaryMaster" name="verifyVenderTypeEdit" time="3.119"/>
  <testcase classname="com.Getapcs.Avision.TEST.SecondaryMaster" name="verifyWareHouseCreate" time="4.110"/>
  <testcase classname="com.Getapcs.Avision.TEST.SecondaryMaster" name="verifyWareHouseEdit" time="3.313"/>
</testsuite> <!-- com.Getapcs.Avision.TEST.SecondaryMaster -->
