<?xml version="1.0" encoding="UTF-8"?>
<!-- Generated by org.testng.reporters.JUnitReportReporter -->
<testsuite hostname="BLLGOPALREDDY" failures="0" tests="1" name="com.Getapcs.Avision.TEST.PrimaryMaster" time="12.825" errors="0" timestamp="2024-03-01T13:14:32 IST" skipped="0">
  <testcase classname="com.Getapcs.Avision.TEST.PrimaryMaster" name="verifyCompanyMasterEdit" time="12.825"/>
</testsuite> <!-- com.Getapcs.Avision.TEST.PrimaryMaster -->
