<?xml version="1.0" encoding="UTF-8"?>
<!-- Generated by org.testng.reporters.JUnitReportReporter -->
<testsuite hostname="BLLCHETHANV" failures="0" tests="1" name="com.getapcs.testcases.TEST_Create" time="25.739" errors="0" timestamp="2023-12-20T15:24:55 IST" skipped="0">
  <testcase classname="com.getapcs.testcases.TEST_Create" name="verifyInventryReportAfterGRIN" time="25.739"/>
</testsuite> <!-- com.getapcs.testcases.TEST_Create -->
