<?xml version="1.0" encoding="UTF-8"?>
<!-- Generated by org.testng.reporters.JUnitReportReporter -->
<testsuite hostname="DESKTOP-K93APDC" failures="0" tests="1" name="com.Getapcs.Avision.TEST.TEST_Create" time="28.761" errors="0" timestamp="2024-01-19T17:42:50 IST" skipped="0">
  <testcase classname="com.Getapcs.Avision.TEST.TEST_Create" name="verifySalesRFQCreate" time="28.761"/>
</testsuite> <!-- com.Getapcs.Avision.TEST.TEST_Create -->
