<?xml version="1.0" encoding="UTF-8"?>
<!-- Generated by org.testng.reporters.JUnitReportReporter -->
<testsuite hostname="BLLCHETHANV" failures="0" tests="1" name="com.getapcs.testcases.PrimaryMaster" time="41.637" errors="0" timestamp="2023-12-27T13:00:46 IST" skipped="0">
  <testcase classname="com.getapcs.testcases.PrimaryMaster" name="verifyCustomerField" time="41.637"/>
</testsuite> <!-- com.getapcs.testcases.PrimaryMaster -->
