<?xml version="1.0" encoding="UTF-8"?>
<!-- Generated by org.testng.reporters.JUnitReportReporter -->
<testsuite hostname="DESKTOP-K93APDC" failures="0" tests="1" name="com.Getapcs.Avision.TEST.TEST_Create" time="25.291" errors="0" timestamp="2023-12-29T16:00:31 IST" skipped="0">
  <testcase classname="com.Getapcs.Avision.TEST.TEST_Create" name="verifySalesItemPriceListCreate" time="25.291"/>
</testsuite> <!-- com.Getapcs.Avision.TEST.TEST_Create -->
