<?xml version="1.0" encoding="UTF-8"?>
<!-- Generated by org.testng.reporters.JUnitReportReporter -->
<testsuite hostname="DESKTOP-K93APDC" failures="0" tests="1" name="com.Getapcs.Avision.TEST.TEST_SA_Flow" time="349.730" errors="0" timestamp="2024-01-17T16:51:43 IST" skipped="0">
  <testcase classname="com.Getapcs.Avision.TEST.TEST_SA_Flow" name="verifyPOcreate$Approvals_1_2" time="349.730"/>
</testsuite> <!-- com.Getapcs.Avision.TEST.TEST_SA_Flow -->
