<?xml version="1.0" encoding="UTF-8"?>
<!-- Generated by org.testng.reporters.JUnitReportReporter -->
<testsuite hostname="BLLCHETHANV" failures="0" tests="1" name="com.getapcs.testcases.TEST_Reports" time="23.992" errors="0" timestamp="2023-12-28T10:25:24 IST" skipped="0">
  <testcase classname="com.getapcs.testcases.TEST_Reports" name="verifyItemMasterReport" time="23.992"/>
</testsuite> <!-- com.getapcs.testcases.TEST_Reports -->
