<?xml version="1.0" encoding="UTF-8"?>
<!-- Generated by org.testng.reporters.JUnitReportReporter -->
<testsuite hostname="DESKTOP-K93APDC" failures="0" tests="1" name="com.getapcs.testcases.TEST_Create" time="29.798" errors="0" timestamp="2024-01-03T13:33:20 IST" skipped="0">
  <testcase classname="com.getapcs.testcases.TEST_Create" name="verifyItemMasterCreate" time="29.798"/>
</testsuite> <!-- com.getapcs.testcases.TEST_Create -->
