<?xml version="1.0" encoding="UTF-8"?>
<!-- Generated by org.testng.reporters.JUnitReportReporter -->
<testsuite hostname="BLLCHETHANV" failures="0" tests="1" name="com.getapcs.testcases.Transaction" time="84.407" errors="0" timestamp="2023-12-07T12:42:41 IST" skipped="0">
  <testcase classname="com.getapcs.testcases.Transaction" name="verifyMaterialIssueTable" time="84.407"/>
</testsuite> <!-- com.getapcs.testcases.Transaction -->
