<?xml version="1.0" encoding="UTF-8"?>
<!-- Generated by org.testng.reporters.JUnitReportReporter -->
<testsuite hostname="BLLCHETHANV" failures="0" tests="1" name="com.getapcs.testcases.TEST_Reports" time="52.615" errors="0" timestamp="2023-12-27T17:46:48 IST" skipped="0">
  <testcase classname="com.getapcs.testcases.TEST_Reports" name="verifyPurchaseReqisitionReports" time="52.615"/>
</testsuite> <!-- com.getapcs.testcases.TEST_Reports -->
