<?xml version="1.0" encoding="UTF-8"?>
<!-- Generated by org.testng.reporters.JUnitReportReporter -->
<testsuite hostname="BLLCHETHANV" failures="0" tests="1" name="com.getapcs.testcases.TEST1" time="73.768" errors="0" timestamp="2023-12-19T10:05:15 IST" skipped="0">
  <testcase classname="com.getapcs.testcases.TEST1" name="verifySOCTable" time="73.768"/>
</testsuite> <!-- com.getapcs.testcases.TEST1 -->
