<?xml version="1.0" encoding="UTF-8"?>
<!-- Generated by org.testng.reporters.JUnitReportReporter -->
<testsuite hostname="BLLCHETHANV" failures="0" tests="1" name="com.Getapcs.Avision.TEST.PrimaryMaster" time="28.221" errors="0" timestamp="2024-01-02T14:34:52 IST" skipped="0">
  <testcase classname="com.Getapcs.Avision.TEST.PrimaryMaster" name="verifyCompanyMaster" time="28.221"/>
</testsuite> <!-- com.Getapcs.Avision.TEST.PrimaryMaster -->
