<?xml version="1.0" encoding="UTF-8"?>
<!-- Generated by org.testng.reporters.JUnitReportReporter -->
<testsuite hostname="BLLGOPALREDDY" failures="0" tests="1" name="com.Getapcs.Avision.TEST.TEST_SA_Flow" time="163.834" errors="0" timestamp="2024-02-12T11:42:40 IST" skipped="0">
  <testcase classname="com.Getapcs.Avision.TEST.TEST_SA_Flow" name="verifyGRINCreate" time="163.834"/>
</testsuite> <!-- com.Getapcs.Avision.TEST.TEST_SA_Flow -->
