<?xml version="1.0" encoding="UTF-8"?>
<!-- Generated by org.testng.reporters.JUnitReportReporter -->
<testsuite hostname="BLLCHETHANV" failures="0" tests="1" name="com.Getapcs.Avision.TEST.TEST_SA_Flow" time="175.040" errors="0" timestamp="2024-01-12T15:23:00 IST" skipped="0">
  <testcase classname="com.Getapcs.Avision.TEST.TEST_SA_Flow" name="verifyPOcreate$Approvals_1_2" time="175.040"/>
</testsuite> <!-- com.Getapcs.Avision.TEST.TEST_SA_Flow -->
