<?xml version="1.0" encoding="UTF-8"?>
<!-- Generated by org.testng.reporters.JUnitReportReporter -->
<testsuite hostname="BLLGOPALREDDY" failures="0" tests="1" name="com.Getapcs.Avision.TEST.TEST_SA_Flow" time="25.483" errors="0" timestamp="2024-02-02T18:22:46 IST" skipped="0">
  <testcase classname="com.Getapcs.Avision.TEST.TEST_SA_Flow" name="verifyReturnDO" time="25.483"/>
</testsuite> <!-- com.Getapcs.Avision.TEST.TEST_SA_Flow -->
