<?xml version="1.0" encoding="UTF-8"?>
<!-- Generated by org.testng.reporters.JUnitReportReporter -->
<testsuite hostname="DESKTOP-K93APDC" failures="0" tests="1" name="com.Getapcs.Avision.TEST.TEST_SA_Flow" time="29.289" errors="0" timestamp="2024-01-03T17:11:30 IST" skipped="0">
  <testcase classname="com.Getapcs.Avision.TEST.TEST_SA_Flow" name="verifySalesOrderCreate" time="29.289"/>
</testsuite> <!-- com.Getapcs.Avision.TEST.TEST_SA_Flow -->
