<?xml version="1.0" encoding="UTF-8"?>
<!-- Generated by org.testng.reporters.JUnitReportReporter -->
<testsuite hostname="BLLCHETHANV" failures="0" tests="1" name="com.getapcs.testcases.TEST_Create_MR" time="27.755" errors="0" timestamp="2023-12-26T12:39:54 IST" skipped="0">
  <testcase classname="com.getapcs.testcases.TEST_Create_MR" name="verifyMaterialReturnNoteOpenMRN" time="27.755"/>
</testsuite> <!-- com.getapcs.testcases.TEST_Create_MR -->
