<?xml version="1.0" encoding="UTF-8"?>
<!-- Generated by org.testng.reporters.JUnitReportReporter -->
<testsuite hostname="BLLCHETHANV" failures="0" tests="1" name="com.Getapcs.Avision.TEST.TEST_Create" time="23.323" errors="0" timestamp="2024-01-02T13:03:19 IST" skipped="0">
  <testcase classname="com.Getapcs.Avision.TEST.TEST_Create" name="verifyPRcreate" time="23.323"/>
</testsuite> <!-- com.Getapcs.Avision.TEST.TEST_Create -->
