<?xml version="1.0" encoding="UTF-8"?>
<!-- Generated by org.testng.reporters.JUnitReportReporter -->
<testsuite hostname="BLLCHETHANV" failures="0" tests="1" name="com.Getapcs.Avision.TEST.TEST_Create" time="17.438" errors="0" timestamp="2024-01-02T17:08:04 IST" skipped="0">
  <testcase classname="com.Getapcs.Avision.TEST.TEST_Create" name="verifyPR_Approval2" time="17.438"/>
</testsuite> <!-- com.Getapcs.Avision.TEST.TEST_Create -->
