<?xml version="1.0" encoding="UTF-8"?>
<!-- Generated by org.testng.reporters.JUnitReportReporter -->
<testsuite hostname="BLLCHETHANV" failures="0" tests="1" name="com.getapcs.testcases.TEST_Create" time="42.725" errors="0" timestamp="2024-01-05T13:31:00 IST" skipped="0">
  <testcase classname="com.getapcs.testcases.TEST_Create" name="verifyReturnInvoice" time="42.725"/>
</testsuite> <!-- com.getapcs.testcases.TEST_Create -->
