<?xml version="1.0" encoding="UTF-8"?>
<!-- Generated by org.testng.reporters.JUnitReportReporter -->
<testsuite hostname="BLLGOPALREDDY" failures="0" tests="1" name="com.Getapcs.Avision.TEST.SA_FG_Create_Edit" time="9.661" errors="0" timestamp="2024-02-14T11:09:51 IST" skipped="0">
  <testcase classname="com.Getapcs.Avision.TEST.SA_FG_Create_Edit" name="verifySalesCSEdit" time="9.661"/>
</testsuite> <!-- com.Getapcs.Avision.TEST.SA_FG_Create_Edit -->
