<?xml version="1.0" encoding="UTF-8"?>
<!-- Generated by org.testng.reporters.JUnitReportReporter -->
<testsuite hostname="BLLCHETHANV" failures="0" tests="1" name="com.getapcs.testcases.PrimaryMaster" time="42.186" errors="0" timestamp="2023-12-20T10:46:20 IST" skipped="0">
  <testcase classname="com.getapcs.testcases.PrimaryMaster" name="verifyCustomerField" time="42.186"/>
</testsuite> <!-- com.getapcs.testcases.PrimaryMaster -->
