<?xml version="1.0" encoding="UTF-8"?>
<!-- Generated by org.testng.reporters.JUnitReportReporter -->
<<<<<<< HEAD
<testsuite hostname="DESKTOP-K93APDC" failures="0" tests="1" name="com.getapcs.testcases.TEST_Reports" time="29.248" errors="0" timestamp="2023-12-28T14:53:22 IST" skipped="0">
  <testcase classname="com.getapcs.testcases.TEST_Reports" name="verifyIQCConfirmationReports" time="29.248"/>
=======
<testsuite hostname="BLLCHETHANV" failures="0" tests="1" name="com.getapcs.testcases.TEST_Reports" time="41.056" errors="0" timestamp="2023-12-28T11:54:46 IST" skipped="0">
  <testcase classname="com.getapcs.testcases.TEST_Reports" name="verifyBinningReports" time="41.056"/>
>>>>>>> branch 'master' of https://github.com/wyzmindz/GetaPCS-Testing.git
</testsuite> <!-- com.getapcs.testcases.TEST_Reports -->
