<?xml version="1.0" encoding="UTF-8"?>
<!-- Generated by org.testng.reporters.JUnitReportReporter -->
<testsuite hostname="BLLGOPALREDDY" failures="0" tests="88" name="com.Getapcs.Avision.TEST.SA_FG_Create_Edit" time="2736.993" errors="0" timestamp="2024-02-29T13:15:17 IST" skipped="0">
  <testcase classname="com.Getapcs.Avision.TEST.SA_FG_Create_Edit" name="verifyReleaseBomSA2" time="66.042"/>
  <testcase classname="com.Getapcs.Avision.TEST.SA_FG_Create_Edit" name="verifyReleaseBomSA1" time="65.037"/>
  <testcase classname="com.Getapcs.Avision.TEST.SA_FG_Create_Edit" name="verifyReleaseBomFG" time="64.725"/>
  <testcase classname="com.Getapcs.Avision.TEST.SA_FG_Create_Edit" name="verifySalesItemPriceListCreate" time="33.009"/>
  <testcase classname="com.Getapcs.Avision.TEST.SA_FG_Create_Edit" name="verifySalesRFQCreate" time="26.816"/>
  <testcase classname="com.Getapcs.Avision.TEST.SA_FG_Create_Edit" name="verifySalesRFQEdit" time="19.832"/>
  <testcase classname="com.Getapcs.Avision.TEST.SA_FG_Create_Edit" name="verifySalesRFQCSCreate" time="19.485"/>
  <testcase classname="com.Getapcs.Avision.TEST.SA_FG_Create_Edit" name="verifySalesCSEdit" time="10.147"/>
  <testcase classname="com.Getapcs.Avision.TEST.SA_FG_Create_Edit" name="verifySalesCSRelease" time="11.167"/>
  <testcase classname="com.Getapcs.Avision.TEST.SA_FG_Create_Edit" name="verifySalesRFQENGGCreate" time="20.331"/>
  <testcase classname="com.Getapcs.Avision.TEST.SA_FG_Create_Edit" name="verifySalesRFQENGGEdit" time="9.480"/>
  <testcase classname="com.Getapcs.Avision.TEST.SA_FG_Create_Edit" name="verifySalesRFQENGGRelease" time="7.766"/>
  <testcase classname="com.Getapcs.Avision.TEST.SA_FG_Create_Edit" name="verifySalesSourcing" time="25.969"/>
  <testcase classname="com.Getapcs.Avision.TEST.SA_FG_Create_Edit" name="verifySalesLpCreate" time="11.352"/>
  <testcase classname="com.Getapcs.Avision.TEST.SA_FG_Create_Edit" name="verifySalesLpCostingRelease" time="16.488"/>
  <testcase classname="com.Getapcs.Avision.TEST.SA_FG_Create_Edit" name="verifyQuoteCreate" time="18.835"/>
  <testcase classname="com.Getapcs.Avision.TEST.SA_FG_Create_Edit" name="verifyQuoteEdit" time="14.981"/>
  <testcase classname="com.Getapcs.Avision.TEST.SA_FG_Create_Edit" name="verifySalesOrderCreate" time="40.954"/>
  <testcase classname="com.Getapcs.Avision.TEST.SA_FG_Create_Edit" name="verifySalesOrderEdit" time="6.941"/>
  <testcase classname="com.Getapcs.Avision.TEST.SA_FG_Create_Edit" name="verifyShopOrderCreateSA2" time="49.988"/>
  <testcase classname="com.Getapcs.Avision.TEST.SA_FG_Create_Edit" name="verifyShopOrderCreateSA1" time="51.784"/>
  <testcase classname="com.Getapcs.Avision.TEST.SA_FG_Create_Edit" name="verifyShopOrderCreateFG" time="43.142"/>
  <testcase classname="com.Getapcs.Avision.TEST.SA_FG_Create_Edit" name="verifyMaterialIssue" time="30.146"/>
  <testcase classname="com.Getapcs.Avision.TEST.SA_FG_Create_Edit" name="verifyPRcreateSA2" time="64.289"/>
  <testcase classname="com.Getapcs.Avision.TEST.SA_FG_Create_Edit" name="verifyPREditSA2" time="9.000"/>
  <testcase classname="com.Getapcs.Avision.TEST.SA_FG_Create_Edit" name="verifyPRApprovals_1SA2" time="9.539"/>
  <testcase classname="com.Getapcs.Avision.TEST.SA_FG_Create_Edit" name="verifyPRApprovals_2SA2" time="10.325"/>
  <testcase classname="com.Getapcs.Avision.TEST.SA_FG_Create_Edit" name="verifyPRcreateSA1" time="60.641"/>
  <testcase classname="com.Getapcs.Avision.TEST.SA_FG_Create_Edit" name="verifyPREditSA1" time="9.264"/>
  <testcase classname="com.Getapcs.Avision.TEST.SA_FG_Create_Edit" name="verifyPRApprovals_1SA1" time="11.884"/>
  <testcase classname="com.Getapcs.Avision.TEST.SA_FG_Create_Edit" name="verifyPRApprovals_2SA1" time="10.481"/>
  <testcase classname="com.Getapcs.Avision.TEST.SA_FG_Create_Edit" name="verifyPRcreateFG" time="60.817"/>
  <testcase classname="com.Getapcs.Avision.TEST.SA_FG_Create_Edit" name="verifyPREditFG" time="9.333"/>
  <testcase classname="com.Getapcs.Avision.TEST.SA_FG_Create_Edit" name="verifyPRApprovals_1FG" time="9.442"/>
  <testcase classname="com.Getapcs.Avision.TEST.SA_FG_Create_Edit" name="verifyPRApprovals_2FG" time="10.433"/>
  <testcase classname="com.Getapcs.Avision.TEST.SA_FG_Create_Edit" name="verifyPOcreateSA2" time="74.215"/>
  <testcase classname="com.Getapcs.Avision.TEST.SA_FG_Create_Edit" name="verifyPOEditSA2" time="9.230"/>
  <testcase classname="com.Getapcs.Avision.TEST.SA_FG_Create_Edit" name="verifyPOApproval_1_SA2" time="12.379"/>
  <testcase classname="com.Getapcs.Avision.TEST.SA_FG_Create_Edit" name="verifyPOApproval_2_SA2" time="15.607"/>
  <testcase classname="com.Getapcs.Avision.TEST.SA_FG_Create_Edit" name="verifyPOcreateSA1" time="74.879"/>
  <testcase classname="com.Getapcs.Avision.TEST.SA_FG_Create_Edit" name="verifyPOEditSA1" time="9.652"/>
  <testcase classname="com.Getapcs.Avision.TEST.SA_FG_Create_Edit" name="verifyPOApproval_1_SA1" time="12.636"/>
  <testcase classname="com.Getapcs.Avision.TEST.SA_FG_Create_Edit" name="verifyPOApproval_2_SA1" time="15.780"/>
  <testcase classname="com.Getapcs.Avision.TEST.SA_FG_Create_Edit" name="verifyPOcreateFG" time="77.184"/>
  <testcase classname="com.Getapcs.Avision.TEST.SA_FG_Create_Edit" name="verifyPOEditFG" time="10.256"/>
  <testcase classname="com.Getapcs.Avision.TEST.SA_FG_Create_Edit" name="verifyPOApproval_1_FG" time="12.885"/>
  <testcase classname="com.Getapcs.Avision.TEST.SA_FG_Create_Edit" name="verifyPOApproval_2_FG" time="15.977"/>
  <testcase classname="com.Getapcs.Avision.TEST.SA_FG_Create_Edit" name="verifyInventryReportBeforeGrin" time="33.519"/>
  <testcase classname="com.Getapcs.Avision.TEST.SA_FG_Create_Edit" name="verifyGRINCreate" time="206.299"/>
  <testcase classname="com.Getapcs.Avision.TEST.SA_FG_Create_Edit" name="verifyInventryReportAfterGrin" time="34.708"/>
  <testcase classname="com.Getapcs.Avision.TEST.SA_FG_Create_Edit" name="verifyIQCCreate" time="35.513"/>
  <testcase classname="com.Getapcs.Avision.TEST.SA_FG_Create_Edit" name="verifyInventryReportAfterIQC" time="27.030"/>
  <testcase classname="com.Getapcs.Avision.TEST.SA_FG_Create_Edit" name="verifyBinningCreate" time="89.610"/>
  <testcase classname="com.Getapcs.Avision.TEST.SA_FG_Create_Edit" name="verifyInventryReportAfterBinnig" time="29.752"/>
  <testcase classname="com.Getapcs.Avision.TEST.SA_FG_Create_Edit" name="verifyMaterialIssueReleaseForSA2" time="10.935"/>
  <testcase classname="com.Getapcs.Avision.TEST.SA_FG_Create_Edit" name="verifyInventryAfterMaterialIssueReleaseForSA2" time="26.267"/>
  <testcase classname="com.Getapcs.Avision.TEST.SA_FG_Create_Edit" name="verifyShopOrderConfirmationForSA2" time="32.717"/>
  <testcase classname="com.Getapcs.Avision.TEST.SA_FG_Create_Edit" name="verifyInventryAfterShopOrderConfirmationForSA2" time="26.391"/>
  <testcase classname="com.Getapcs.Avision.TEST.SA_FG_Create_Edit" name="verifyOQC_ForSA2" time="28.244"/>
  <testcase classname="com.Getapcs.Avision.TEST.SA_FG_Create_Edit" name="verifyInventryAfterOQC_ForSA2" time="26.798"/>
  <testcase classname="com.Getapcs.Avision.TEST.SA_FG_Create_Edit" name="verifyOQCBinnig_ForSA2" time="28.171"/>
  <testcase classname="com.Getapcs.Avision.TEST.SA_FG_Create_Edit" name="verifyInventryAfterOQCBinning_ForSA2" time="27.192"/>
  <testcase classname="com.Getapcs.Avision.TEST.SA_FG_Create_Edit" name="verifyMaterialIssueReleaseForSA1" time="11.357"/>
  <testcase classname="com.Getapcs.Avision.TEST.SA_FG_Create_Edit" name="verifyInventryAfterMaterialIssueReleaseForSA1" time="26.442"/>
  <testcase classname="com.Getapcs.Avision.TEST.SA_FG_Create_Edit" name="verifyShopOrderConfirmationForSA1" time="38.904"/>
  <testcase classname="com.Getapcs.Avision.TEST.SA_FG_Create_Edit" name="verifyInventryAfterShopOrderConfirmationForSA1" time="26.867"/>
  <testcase classname="com.Getapcs.Avision.TEST.SA_FG_Create_Edit" name="verifyOQC_ForSA1" time="25.191"/>
  <testcase classname="com.Getapcs.Avision.TEST.SA_FG_Create_Edit" name="verifyInventryAfterOQCForSA1" time="27.181"/>
  <testcase classname="com.Getapcs.Avision.TEST.SA_FG_Create_Edit" name="verifyOQCBinnig_ForSA1" time="28.879"/>
  <testcase classname="com.Getapcs.Avision.TEST.SA_FG_Create_Edit" name="verifyInventryAfterOQCBinningForSA1" time="28.166"/>
  <testcase classname="com.Getapcs.Avision.TEST.SA_FG_Create_Edit" name="verifyMaterialIssueReleaseForFG" time="10.769"/>
  <testcase classname="com.Getapcs.Avision.TEST.SA_FG_Create_Edit" name="verifyInventryAfterMaterialIssueReleaseForFG" time="28.276"/>
  <testcase classname="com.Getapcs.Avision.TEST.SA_FG_Create_Edit" name="verifyShopOrderConfirmationForFG" time="31.789"/>
  <testcase classname="com.Getapcs.Avision.TEST.SA_FG_Create_Edit" name="verifyInventryAfterShopOrderConfirmationForFG" time="28.259"/>
  <testcase classname="com.Getapcs.Avision.TEST.SA_FG_Create_Edit" name="verifyOQC_ForFG" time="27.757"/>
  <testcase classname="com.Getapcs.Avision.TEST.SA_FG_Create_Edit" name="verifyInventryAfterOQCForFG" time="29.087"/>
  <testcase classname="com.Getapcs.Avision.TEST.SA_FG_Create_Edit" name="verifyOQCBinnig_ForFG" time="36.353"/>
  <testcase classname="com.Getapcs.Avision.TEST.SA_FG_Create_Edit" name="verifyInventryAfterOQCBinningForFG" time="29.292"/>
  <testcase classname="com.Getapcs.Avision.TEST.SA_FG_Create_Edit" name="verifyDOforFG" time="38.152"/>
  <testcase classname="com.Getapcs.Avision.TEST.SA_FG_Create_Edit" name="verifyInventryAfterDOForFG" time="32.085"/>
  <testcase classname="com.Getapcs.Avision.TEST.SA_FG_Create_Edit" name="verifyReturnDO" time="38.744"/>
  <testcase classname="com.Getapcs.Avision.TEST.SA_FG_Create_Edit" name="verifyInventryAfterReturnDOForFG" time="28.626"/>
  <testcase classname="com.Getapcs.Avision.TEST.SA_FG_Create_Edit" name="verifyAgainDOforFG" time="38.089"/>
  <testcase classname="com.Getapcs.Avision.TEST.SA_FG_Create_Edit" name="verifyInventryAfterAgainDOForFG" time="32.822"/>
  <testcase classname="com.Getapcs.Avision.TEST.SA_FG_Create_Edit" name="verifyInvoiceCreate" time="35.398"/>
  <testcase classname="com.Getapcs.Avision.TEST.SA_FG_Create_Edit" name="verifyInventryAfterInvoiceForFG" time="33.846"/>
  <testcase classname="com.Getapcs.Avision.TEST.SA_FG_Create_Edit" name="verifyReturnInvoice" time="44.859"/>
  <testcase classname="com.Getapcs.Avision.TEST.SA_FG_Create_Edit" name="verifyInventryAfterReturnInvoiceForFG" time="36.112"/>
</testsuite> <!-- com.Getapcs.Avision.TEST.SA_FG_Create_Edit -->
