<?xml version="1.0" encoding="UTF-8"?>
<!-- Generated by org.testng.reporters.JUnitReportReporter -->
<testsuite hostname="BLLCHETHANV" failures="0" tests="1" name="com.getapcs.testcases.TEST_Edit_Table" time="56.817" errors="0" timestamp="2023-12-20T15:58:44 IST" skipped="0">
  <testcase classname="com.getapcs.testcases.TEST_Edit_Table" name="verifyItemMasterTable" time="56.817"/>
</testsuite> <!-- com.getapcs.testcases.TEST_Edit_Table -->
